20/06/29 09:23:57 INFO SparkContext: Running Spark version 2.1.0
20/06/29 09:23:58 WARN NativeCodeLoader: Unable to load native-hadoop library for your platform... using builtin-java classes where applicable
20/06/29 09:23:58 INFO SecurityManager: Changing view acls to: dayma
20/06/29 09:23:58 INFO SecurityManager: Changing modify acls to: dayma
20/06/29 09:23:58 INFO SecurityManager: Changing view acls groups to: 
20/06/29 09:23:58 INFO SecurityManager: Changing modify acls groups to: 
20/06/29 09:23:58 INFO SecurityManager: SecurityManager: authentication disabled; ui acls disabled; users  with view permissions: Set(dayma); groups with view permissions: Set(); users  with modify permissions: Set(dayma); groups with modify permissions: Set()
20/06/29 09:23:58 INFO Utils: Successfully started service 'sparkDriver' on port 43409.
20/06/29 09:23:58 INFO SparkEnv: Registering MapOutputTracker
20/06/29 09:23:58 INFO SparkEnv: Registering BlockManagerMaster
20/06/29 09:23:58 INFO BlockManagerMasterEndpoint: Using org.apache.spark.storage.DefaultTopologyMapper for getting topology information
20/06/29 09:23:58 INFO BlockManagerMasterEndpoint: BlockManagerMasterEndpoint up
20/06/29 09:23:58 INFO DiskBlockManager: Created local directory at /tmp/blockmgr-1fb3fa1f-bfb9-4ed8-a091-f0a6d0714f45
20/06/29 09:23:58 INFO MemoryStore: MemoryStore started with capacity 912.3 MB
20/06/29 09:23:58 INFO SparkEnv: Registering OutputCommitCoordinator
20/06/29 09:23:58 INFO Utils: Successfully started service 'SparkUI' on port 4040.
20/06/29 09:23:58 INFO SparkUI: Bound SparkUI to 127.0.0.1, and started at http://127.0.0.1:4040
20/06/29 09:23:58 INFO SparkContext: Added JAR file:/home/dayma/R/x86_64-pc-linux-gnu-library/3.4/sparklyr/java/sparklyr-2.0-2.11.jar at spark://127.0.0.1:43409/jars/sparklyr-2.0-2.11.jar with timestamp 1593415438423
20/06/29 09:23:58 INFO Executor: Starting executor ID driver on host localhost
20/06/29 09:23:58 INFO Utils: Successfully started service 'org.apache.spark.network.netty.NettyBlockTransferService' on port 46736.
20/06/29 09:23:58 INFO NettyBlockTransferService: Server created on 127.0.0.1:46736
20/06/29 09:23:58 INFO BlockManager: Using org.apache.spark.storage.RandomBlockReplicationPolicy for block replication policy
20/06/29 09:23:58 INFO BlockManagerMaster: Registering BlockManager BlockManagerId(driver, 127.0.0.1, 46736, None)
20/06/29 09:23:58 INFO BlockManagerMasterEndpoint: Registering block manager 127.0.0.1:46736 with 912.3 MB RAM, BlockManagerId(driver, 127.0.0.1, 46736, None)
20/06/29 09:23:58 INFO BlockManagerMaster: Registered BlockManager BlockManagerId(driver, 127.0.0.1, 46736, None)
20/06/29 09:23:58 INFO BlockManager: Initialized BlockManager: BlockManagerId(driver, 127.0.0.1, 46736, None)
20/06/29 09:23:58 INFO SharedState: Warehouse path is 'file:/home/dayma/Documents/detect_rupture/model/app/spark-warehouse'.
20/06/29 09:23:58 INFO HiveUtils: Initializing HiveMetastoreConnection version 1.2.1 using Spark classes.
20/06/29 09:23:59 INFO HiveMetaStore: 0: Opening raw store with implemenation class:org.apache.hadoop.hive.metastore.ObjectStore
20/06/29 09:23:59 INFO ObjectStore: ObjectStore, initialize called
20/06/29 09:23:59 INFO Persistence: Property hive.metastore.integral.jdo.pushdown unknown - will be ignored
20/06/29 09:23:59 INFO Persistence: Property datanucleus.cache.level2 unknown - will be ignored
20/06/29 09:24:00 INFO ObjectStore: Setting MetaStore object pin classes with hive.metastore.cache.pinobjtypes="Table,StorageDescriptor,SerDeInfo,Partition,Database,Type,FieldSchema,Order"
20/06/29 09:24:00 INFO Datastore: The class "org.apache.hadoop.hive.metastore.model.MFieldSchema" is tagged as "embedded-only" so does not have its own datastore table.
20/06/29 09:24:00 INFO Datastore: The class "org.apache.hadoop.hive.metastore.model.MOrder" is tagged as "embedded-only" so does not have its own datastore table.
20/06/29 09:24:01 INFO Datastore: The class "org.apache.hadoop.hive.metastore.model.MFieldSchema" is tagged as "embedded-only" so does not have its own datastore table.
20/06/29 09:24:01 INFO Datastore: The class "org.apache.hadoop.hive.metastore.model.MOrder" is tagged as "embedded-only" so does not have its own datastore table.
20/06/29 09:24:01 INFO MetaStoreDirectSql: Using direct SQL, underlying DB is DERBY
20/06/29 09:24:01 INFO ObjectStore: Initialized ObjectStore
20/06/29 09:24:01 WARN ObjectStore: Version information not found in metastore. hive.metastore.schema.verification is not enabled so recording the schema version 1.2.0
20/06/29 09:24:01 WARN ObjectStore: Failed to get database default, returning NoSuchObjectException
20/06/29 09:24:01 INFO HiveMetaStore: Added admin role in metastore
20/06/29 09:24:01 INFO HiveMetaStore: Added public role in metastore
20/06/29 09:24:01 INFO HiveMetaStore: No user is added in admin role, since config is empty
20/06/29 09:24:01 INFO HiveMetaStore: 0: get_all_databases
20/06/29 09:24:01 INFO audit: ugi=dayma	ip=unknown-ip-addr	cmd=get_all_databases	
20/06/29 09:24:01 INFO HiveMetaStore: 0: get_functions: db=default pat=*
20/06/29 09:24:01 INFO audit: ugi=dayma	ip=unknown-ip-addr	cmd=get_functions: db=default pat=*	
20/06/29 09:24:01 INFO Datastore: The class "org.apache.hadoop.hive.metastore.model.MResourceUri" is tagged as "embedded-only" so does not have its own datastore table.
20/06/29 09:24:01 INFO SessionState: Created HDFS directory: /tmp/hive/dayma
20/06/29 09:24:01 INFO SessionState: Created local directory: /tmp/dayma
20/06/29 09:24:01 INFO SessionState: Created local directory: /tmp/378ca465-6718-4e19-8ec8-c4e7edc10c5a_resources
20/06/29 09:24:01 INFO SessionState: Created HDFS directory: /tmp/hive/dayma/378ca465-6718-4e19-8ec8-c4e7edc10c5a
20/06/29 09:24:01 INFO SessionState: Created local directory: /tmp/dayma/378ca465-6718-4e19-8ec8-c4e7edc10c5a
20/06/29 09:24:01 INFO SessionState: Created HDFS directory: /tmp/hive/dayma/378ca465-6718-4e19-8ec8-c4e7edc10c5a/_tmp_space.db
20/06/29 09:24:01 INFO HiveClientImpl: Warehouse location for Hive client (version 1.2.1) is file:/home/dayma/Documents/detect_rupture/model/app/spark-warehouse
20/06/29 09:24:01 INFO HiveMetaStore: 0: get_database: default
20/06/29 09:24:01 INFO audit: ugi=dayma	ip=unknown-ip-addr	cmd=get_database: default	
20/06/29 09:24:01 INFO HiveMetaStore: 0: get_database: global_temp
20/06/29 09:24:01 INFO audit: ugi=dayma	ip=unknown-ip-addr	cmd=get_database: global_temp	
20/06/29 09:24:01 WARN ObjectStore: Failed to get database global_temp, returning NoSuchObjectException
20/06/29 09:34:31 INFO SparkSqlParser: Parsing command: SHOW TABLES
20/06/29 09:34:32 INFO HiveMetaStore: 0: get_database: default
20/06/29 09:34:32 INFO audit: ugi=dayma	ip=unknown-ip-addr	cmd=get_database: default	
20/06/29 09:34:32 INFO HiveMetaStore: 0: get_database: default
20/06/29 09:34:32 INFO audit: ugi=dayma	ip=unknown-ip-addr	cmd=get_database: default	
20/06/29 09:34:32 INFO HiveMetaStore: 0: get_tables: db=default pat=*
20/06/29 09:34:32 INFO audit: ugi=dayma	ip=unknown-ip-addr	cmd=get_tables: db=default pat=*	
20/06/29 09:55:01 INFO SparkContext: Invoking stop() from shutdown hook
20/06/29 09:55:01 INFO SparkUI: Stopped Spark web UI at http://127.0.0.1:4040
20/06/29 09:55:01 INFO MapOutputTrackerMasterEndpoint: MapOutputTrackerMasterEndpoint stopped!
20/06/29 09:55:01 INFO MemoryStore: MemoryStore cleared
20/06/29 09:55:01 INFO BlockManager: BlockManager stopped
20/06/29 09:55:01 INFO BlockManagerMaster: BlockManagerMaster stopped
20/06/29 09:55:01 INFO OutputCommitCoordinator$OutputCommitCoordinatorEndpoint: OutputCommitCoordinator stopped!
20/06/29 09:55:01 INFO SparkContext: Successfully stopped SparkContext
20/06/29 09:55:01 INFO ShutdownHookManager: Shutdown hook called
20/06/29 09:55:01 INFO ShutdownHookManager: Deleting directory /tmp/spark-2b17a9ae-1542-4855-8d9f-edc172c17ff8
